<?xml version="1.0" encoding="UTF-8"?>
<!-- Generated by org.testng.reporters.JUnitXMLReporter -->
<testsuite ignored="3" hostname="DESKTOP-BPH1BJD" failures="0" tests="2" name="car loan " time="0.024" errors="0" timestamp="2021-12-11T16:56:19 IST">
  <testcase classname="testng_tutorial.demo3" name="weblogincarloan" time="0.002"/>
  <testcase classname="testng_tutorial.demo3" name="loginAPIcarloan" time="0.003"/>
  <testcase classname="testng_tutorial.demo3" name="mobilesignloan" time="0.0">
    <ignored/>
  </testcase> <!-- mobilesignloan -->
  <testcase classname="testng_tutorial.demo3" name="mobilelogoutcarloan" time="0.0">
    <ignored/>
  </testcase> <!-- mobilelogoutcarloan -->
  <testcase classname="testng_tutorial.demo3" name="mobilelogincarloan" time="0.0">
    <ignored/>
  </testcase> <!-- mobilelogincarloan -->
</testsuite> <!-- car loan  -->
